\BOOKMARK [0][-]{chapter.1}{Introduzione}{}% 1
\BOOKMARK [1][-]{section.1.1}{Incipit}{chapter.1}% 2
\BOOKMARK [1][-]{section.1.2}{Nozioni Preliminari}{chapter.1}% 3
\BOOKMARK [2][-]{subsection.1.2.1}{Schema di relazione}{section.1.2}% 4
\BOOKMARK [2][-]{subsection.1.2.2}{Dipendenze funzionali canoniche}{section.1.2}% 5
\BOOKMARK [2][-]{subsection.1.2.3}{Dipendenze funzionali rilassate}{section.1.2}% 6
\BOOKMARK [2][-]{subsection.1.2.4}{Scoperta delle RFD}{section.1.2}% 7
\BOOKMARK [2][-]{subsection.1.2.5}{Dominanza}{section.1.2}% 8
\BOOKMARK [1][-]{section.1.3}{Studi preliminari}{chapter.1}% 9
\BOOKMARK [0][-]{chapter.2}{Stato dell'arte}{}% 10
\BOOKMARK [0][-]{chapter.3}{Algoritmo}{}% 11
\BOOKMARK [1][-]{section.3.1}{Matrice delle distanze}{chapter.3}% 12
\BOOKMARK [2][-]{subsection.3.1.1}{Funzione di distanza}{section.3.1}% 13
\BOOKMARK [2][-]{subsection.3.1.2}{Calcolo della matrice delle distanze}{section.3.1}% 14
\BOOKMARK [1][-]{section.3.2}{Feasibility}{chapter.3}% 15
\BOOKMARK [1][-]{section.3.3}{Minimality ed RFD Generation}{chapter.3}% 16
\BOOKMARK [0][-]{chapter.4}{Implementazione}{}% 17
\BOOKMARK [1][-]{section.4.1}{Tecnologie utilizzate}{chapter.4}% 18
\BOOKMARK [2][-]{subsection.4.1.1}{AKKA}{section.4.1}% 19
\BOOKMARK [2][-]{subsection.4.1.2}{FastUtil}{section.4.1}% 20
\BOOKMARK [2][-]{subsection.4.1.3}{Joinery Dataframe}{section.4.1}% 21
\BOOKMARK [1][-]{section.4.2}{Struttura del progetto}{chapter.4}% 22
\BOOKMARK [2][-]{subsection.4.2.1}{Package DataSet}{section.4.2}% 23
\BOOKMARK [2][-]{subsection.4.2.2}{Package RFD}{section.4.2}% 24
\BOOKMARK [2][-]{subsection.4.2.3}{Package Actors}{section.4.2}% 25
\BOOKMARK [2][-]{subsection.4.2.4}{Package Utility}{section.4.2}% 26
\BOOKMARK [1][-]{section.4.3}{Requisiti}{chapter.4}% 27
\BOOKMARK [0][-]{chapter.5}{Conclusioni}{}% 28
\BOOKMARK [0][-]{chapter.6}{Ringraziamenti}{}% 29
